mode: set
/Users/bishnuagrawal/Documents/GoApps/src/bladedb/manifest.go:38.29,40.16 2 0
/Users/bishnuagrawal/Documents/GoApps/src/bladedb/manifest.go:44.2,49.16 3 0
/Users/bishnuagrawal/Documents/GoApps/src/bladedb/manifest.go:53.2,53.12 1 0
/Users/bishnuagrawal/Documents/GoApps/src/bladedb/manifest.go:40.16,41.57 1 0
/Users/bishnuagrawal/Documents/GoApps/src/bladedb/manifest.go:42.3,42.13 1 0
/Users/bishnuagrawal/Documents/GoApps/src/bladedb/manifest.go:49.16,50.45 1 0
/Users/bishnuagrawal/Documents/GoApps/src/bladedb/manifest.go:51.3,51.13 1 0
/Users/bishnuagrawal/Documents/GoApps/src/bladedb/manifest.go:59.26,60.6 1 1
/Users/bishnuagrawal/Documents/GoApps/src/bladedb/manifest.go:60.6,62.16 2 1
/Users/bishnuagrawal/Documents/GoApps/src/bladedb/manifest.go:62.16,64.9 2 1
/Users/bishnuagrawal/Documents/GoApps/src/bladedb/manifest.go:65.9,67.45 2 1
/Users/bishnuagrawal/Documents/GoApps/src/bladedb/manifest.go:71.4,71.30 1 1
/Users/bishnuagrawal/Documents/GoApps/src/bladedb/manifest.go:67.45,70.5 1 0
/Users/bishnuagrawal/Documents/GoApps/src/bladedb/manifest.go:77.45,80.39 3 1
/Users/bishnuagrawal/Documents/GoApps/src/bladedb/manifest.go:85.2,85.60 1 1
/Users/bishnuagrawal/Documents/GoApps/src/bladedb/manifest.go:88.2,88.49 1 1
/Users/bishnuagrawal/Documents/GoApps/src/bladedb/manifest.go:91.2,91.12 1 1
/Users/bishnuagrawal/Documents/GoApps/src/bladedb/manifest.go:80.39,84.3 3 1
/Users/bishnuagrawal/Documents/GoApps/src/bladedb/manifest.go:85.60,87.3 1 0
/Users/bishnuagrawal/Documents/GoApps/src/bladedb/manifest.go:88.49,90.3 1 0
/Users/bishnuagrawal/Documents/GoApps/src/bladedb/manifest.go:94.21,100.85 3 1
/Users/bishnuagrawal/Documents/GoApps/src/bladedb/manifest.go:108.2,109.6 2 1
/Users/bishnuagrawal/Documents/GoApps/src/bladedb/manifest.go:134.2,134.18 1 1
/Users/bishnuagrawal/Documents/GoApps/src/bladedb/manifest.go:137.2,137.12 1 1
/Users/bishnuagrawal/Documents/GoApps/src/bladedb/manifest.go:100.85,107.3 2 1
/Users/bishnuagrawal/Documents/GoApps/src/bladedb/manifest.go:109.6,112.17 3 1
/Users/bishnuagrawal/Documents/GoApps/src/bladedb/manifest.go:119.3,119.13 1 1
/Users/bishnuagrawal/Documents/GoApps/src/bladedb/manifest.go:123.3,126.25 4 1
/Users/bishnuagrawal/Documents/GoApps/src/bladedb/manifest.go:112.17,113.21 1 1
/Users/bishnuagrawal/Documents/GoApps/src/bladedb/manifest.go:113.21,114.10 1 1
/Users/bishnuagrawal/Documents/GoApps/src/bladedb/manifest.go:115.10,117.5 1 0
/Users/bishnuagrawal/Documents/GoApps/src/bladedb/manifest.go:119.13,122.4 2 0
/Users/bishnuagrawal/Documents/GoApps/src/bladedb/manifest.go:126.25,128.4 1 1
/Users/bishnuagrawal/Documents/GoApps/src/bladedb/manifest.go:128.9,128.32 1 1
/Users/bishnuagrawal/Documents/GoApps/src/bladedb/manifest.go:128.32,130.4 1 1
/Users/bishnuagrawal/Documents/GoApps/src/bladedb/manifest.go:130.10,132.4 0 0
/Users/bishnuagrawal/Documents/GoApps/src/bladedb/manifest.go:134.18,136.3 1 1
